<?xml version="1.0" encoding="UTF-8"?>
<Site BuildName="(empty)"
	BuildStamp="20240726-1020-Experimental"
	Name="yt13"
	Generator="ctest-3.16.3"
	CompilerName="/usr/bin/c++"
	CompilerVersion="9.4.0"
	OSName="Linux"
	Hostname="yt13"
	OSRelease="5.15.0-116-generic"
	OSVersion="#126~20.04.1-Ubuntu SMP Mon Jul 1 15:40:07 UTC 2024"
	OSPlatform="x86_64"
	Is64Bits="1"
	VendorString="AuthenticAMD"
	VendorID="Advanced Micro Devices"
	FamilyID="23"
	ModelID="113"
	ProcessorCacheSize="512"
	NumberOfLogicalCPU="12"
	NumberOfPhysicalCPU="6"
	TotalVirtualMemory="2047"
	TotalPhysicalMemory="15931"
	LogicalProcessorsPerPhysical="2"
	ProcessorClockFrequency="4200.18"
	>
	<Testing>
		<StartDateTime>Jul 26 19:21 JST</StartDateTime>
		<StartTestTime>1721989261</StartTestTime>
		<TestList/>
		<EndDateTime>Jul 26 19:21 JST</EndDateTime>
		<EndTestTime>1721989261</EndTestTime>
		<ElapsedMinutes>0</ElapsedMinutes>
	</Testing>
</Site>
