<?xml version="1.0" encoding="UTF-8"?>
<Site BuildName="(empty)"
	BuildStamp="20240628-1352-Experimental"
	Name="yt13"
	Generator="ctest-3.16.3"
	CompilerName="/usr/bin/c++"
	CompilerVersion="9.4.0"
	OSName="Linux"
	Hostname="yt13"
	OSRelease="5.15.0-113-generic"
	OSVersion="#123~20.04.1-Ubuntu SMP Wed Jun 12 17:33:13 UTC 2024"
	OSPlatform="x86_64"
	Is64Bits="1"
	VendorString="AuthenticAMD"
	VendorID="Advanced Micro Devices"
	FamilyID="23"
	ModelID="113"
	ProcessorCacheSize="512"
	NumberOfLogicalCPU="12"
	NumberOfPhysicalCPU="6"
	TotalVirtualMemory="2047"
	TotalPhysicalMemory="15931"
	LogicalProcessorsPerPhysical="2"
	ProcessorClockFrequency="4199.79"
	>
	<Testing>
		<StartDateTime>Jun 28 23:07 JST</StartDateTime>
		<StartTestTime>1719583662</StartTestTime>
		<TestList/>
		<EndDateTime>Jun 28 23:07 JST</EndDateTime>
		<EndTestTime>1719583662</EndTestTime>
		<ElapsedMinutes>0</ElapsedMinutes>
	</Testing>
</Site>
